<?xml version="1.0" encoding="UTF-8" ?>

<testsuite failures="0" time="0.42" errors="0" skipped="0" tests="6" name="BasicTest">
  <testcase classname="BasicTest" name="useTheCommentsRelation" time="0.039">
      </testcase>
  <testcase classname="BasicTest" name="postComments" time="0.013">
      </testcase>
  <testcase classname="BasicTest" name="testPost" time="0.007">
      </testcase>
  <testcase classname="BasicTest" name="testUser" time="0.007">
      </testcase>
  <testcase classname="BasicTest" name="tryConnectAsUser" time="0.01">
      </testcase>
  <testcase classname="BasicTest" name="fullTest" time="0.344">
      </testcase>
</testsuite>
